<?xml version="1.0" encoding="UTF-8"?>
<!-- Generated by org.testng.reporters.JUnitXMLReporter -->
<testsuite ignored="6" hostname="DESKTOP-7HJ645U" failures="0" tests="3" name="Test(failed)" time="0.062" errors="0" timestamp="2025-11-18T08:49:25 IST">
  <testcase classname="testscripts.Module_1" name="tc_01" time="0.008"/>
  <testcase classname="testscripts.Module_3" name="tc_07" time="0.002"/>
  <testcase classname="testscripts.Module_2" name="tc_04" time="0.002"/>
  <testcase classname="testscripts.Module_2" name="tc_05" time="0.0">
    <ignored/>
  </testcase> <!-- tc_05 -->
  <testcase classname="testscripts.Module_2" name="tc_06" time="0.0">
    <ignored/>
  </testcase> <!-- tc_06 -->
  <testcase classname="testscripts.Module_1" name="tc_02" time="0.0">
    <ignored/>
  </testcase> <!-- tc_02 -->
  <testcase classname="testscripts.Module_3" name="tc_09" time="0.0">
    <ignored/>
  </testcase> <!-- tc_09 -->
  <testcase classname="testscripts.Module_1" name="tc_03" time="0.0">
    <ignored/>
  </testcase> <!-- tc_03 -->
  <testcase classname="testscripts.Module_3" name="tc_08" time="0.0">
    <ignored/>
  </testcase> <!-- tc_08 -->
</testsuite> <!-- Test(failed) -->
