<?xml version="1.0" encoding="UTF-8"?>
<!-- Generated by org.testng.reporters.JUnitReportReporter -->
<testsuite hostname="DESKTOP-7HJ645U" failures="0" tests="6" name="testscripts.Module_3" time="32.472" errors="0" timestamp="2025-11-21T09:26:00 IST" skipped="0">
  <testcase classname="testscripts.Module_3" name="tc_09" time="5.561">
    <system-out>
      <![CDATA[Test Case 9 has been executed]]>
    </system-out>
  </testcase> <!-- tc_09 -->
  <testcase classname="testscripts.Module_3" name="tc_08" time="5.547">
    <system-out>
      <![CDATA[Test Case 8 has been executed]]>
    </system-out>
  </testcase> <!-- tc_08 -->
  <testcase classname="testscripts.Module_3" name="tc_08" time="5.358">
    <system-out>
      <![CDATA[Test Case 8 has been executed]]>
    </system-out>
  </testcase> <!-- tc_08 -->
  <testcase classname="testscripts.Module_3" name="tc_09" time="5.132">
    <system-out>
      <![CDATA[Test Case 9 has been executed]]>
    </system-out>
  </testcase> <!-- tc_09 -->
  <testcase classname="testscripts.Module_3" name="tc_07" time="5.601">
    <system-out>
      <![CDATA[Test Case 7 has been executed]]>
    </system-out>
  </testcase> <!-- tc_07 -->
  <testcase classname="testscripts.Module_3" name="tc_07" time="5.273">
    <system-out>
      <![CDATA[Test Case 7 has been executed]]>
    </system-out>
  </testcase> <!-- tc_07 -->
  <system-out>
    <![CDATA[openBrowser
openBrowser
login
login
Test Case 7 has been executed
Test Case 7 has been executed
logout
logout
login
login
Test Case 8 has been executed
Test Case 8 has been executed
logout
logout
login
login
Test Case 9 has been executed
Test Case 9 has been executed
logout
closeBrowser
logout
closeBrowser]]>
  </system-out>
</testsuite> <!-- testscripts.Module_3 -->
