<?xml version="1.0" encoding="UTF-8"?>
<!-- Generated by org.testng.reporters.JUnitReportReporter -->
<testsuite hostname="DESKTOP-7HJ645U" failures="0" tests="3" name="testscripts.Module_2" time="15.411" errors="0" timestamp="2025-11-21T08:45:20 IST" skipped="0">
  <testcase classname="testscripts.Module_2" name="tc_06" time="3.716">
    <system-out>
      <![CDATA[Test Case 6 has been executed]]>
    </system-out>
  </testcase> <!-- tc_06 -->
  <testcase classname="testscripts.Module_2" name="tc_05" time="5.176">
    <system-out>
      <![CDATA[Test Case 5 has been executed]]>
    </system-out>
  </testcase> <!-- tc_05 -->
  <testcase classname="testscripts.Module_2" name="tc_04" time="6.519">
    <system-out>
      <![CDATA[Test Case 4 has been executed]]>
    </system-out>
  </testcase> <!-- tc_04 -->
  <system-out>
    <![CDATA[openBrowser
openBrowser
openBrowser
login
login
login
Test Case 4 has been executed
Test Case 7 has been executed
logout
Test Case 1 has been executed
logout
login
logout
login
login
Test Case 5 has been executed
logout
Test Case 8 has been executed
Test Case 2 has been executed
logout
login
logout
login
login
Test Case 6 has been executed
logout
closeBrowser
Test Case 9 has been executed
logout
Test Case 3 has been executed
closeBrowser
logout
closeBrowser]]>
  </system-out>
</testsuite> <!-- testscripts.Module_2 -->
