<?xml version="1.0" encoding="UTF-8"?>
<!-- Generated by org.testng.reporters.JUnitReportReporter -->
<testsuite hostname="DESKTOP-7HJ645U" failures="0" tests="6" name="demo_testng.LearnDataProvider" time="29.234" errors="0" timestamp="2025-11-22T09:09:14 IST" skipped="0">
  <testcase classname="demo_testng.LearnDataProvider" name="demo" time="3.835"/>
  <testcase classname="demo_testng.LearnDataProvider" name="demo" time="4.941"/>
  <testcase classname="demo_testng.LearnDataProvider" name="demo" time="3.836"/>
  <testcase classname="demo_testng.LearnDataProvider" name="demo" time="3.789"/>
  <testcase classname="demo_testng.LearnDataProvider" name="demo" time="8.928"/>
  <testcase classname="demo_testng.LearnDataProvider" name="demo" time="3.905"/>
</testsuite> <!-- demo_testng.LearnDataProvider -->
